<?xml version="1.0" encoding="UTF-8"?>
<!-- Generated by org.testng.reporters.JUnitXMLReporter -->
<testsuite hostname="BHARATH-LAPPY" failures="0" tests="3" name="Test" time="154.454" errors="0" timestamp="22 Nov 2020 17:01:10 GMT">
  <testcase classname="com.qa.TestScripts.PostArticle" name="postArtcle" time="17.838"/>
  <testcase classname="com.qa.TestScripts.EditArticle" name="editArtcle" time="18.966"/>
  <testcase classname="com.qa.TestScripts.AddComment" name="editArtcle" time="77.771"/>
</testsuite> <!-- Test -->
