<?xml version="1.0" encoding="UTF-8"?>
<testng-results total="1" passed="1" failed="0" skipped="0">
  <reporter-output>
  </reporter-output>
  <suite started-at="2020-11-22T19:33:15Z" name="Default suite" finished-at="2020-11-22T19:34:13Z" duration-ms="57858">
    <groups>
    </groups>
    <test started-at="2020-11-22T19:33:15Z" name="Default test" finished-at="2020-11-22T19:34:13Z" duration-ms="57858">
      <class name="com.qa.TestScripts.deleteArticle">
        <test-method is-config="true" signature="setUpBrowser()[pri:0, instance:com.qa.TestScripts.deleteArticle@525575]" started-at="2020-11-22T20:33:15Z" name="setUpBrowser" finished-at="2020-11-22T20:33:34Z" duration-ms="18994" status="PASS">
          <reporter-output>
          </reporter-output>
        </test-method> <!-- setUpBrowser -->
        <test-method signature="DeleteArticle()[pri:1, instance:com.qa.TestScripts.deleteArticle@525575]" started-at="2020-11-22T20:33:34Z" name="DeleteArticle" description="Verify that user is able to edit an article from the available articles in his profile" finished-at="2020-11-22T20:34:12Z" duration-ms="38030" status="PASS">
          <reporter-output>
          </reporter-output>
        </test-method> <!-- DeleteArticle -->
        <test-method is-config="true" signature="tearDown()[pri:0, instance:com.qa.TestScripts.deleteArticle@525575]" started-at="2020-11-22T20:34:12Z" name="tearDown" finished-at="2020-11-22T20:34:13Z" duration-ms="805" status="PASS">
          <reporter-output>
          </reporter-output>
        </test-method> <!-- tearDown -->
      </class> <!-- com.qa.TestScripts.deleteArticle -->
    </test> <!-- Default test -->
  </suite> <!-- Default suite -->
</testng-results>
